  Application.cpp
c:\users\samue\desktop\games development\projects\ai-assignment\code\assignmentai\astar.h(93): warning C4244: 'initializing': conversion from 'double' to 'float', possible loss of data
c:\users\samue\desktop\games development\projects\ai-assignment\code\assignmentai\astar.h(102): warning C4244: '=': conversion from 'double' to 'float', possible loss of data
c:\users\samue\desktop\games development\projects\ai-assignment\code\assignmentai\genetic.h(29): warning C4018: '<': signed/unsigned mismatch
c:\users\samue\desktop\games development\projects\ai-assignment\code\assignmentai\genetic.h(33): warning C4018: '<': signed/unsigned mismatch
c:\users\samue\desktop\games development\projects\ai-assignment\code\assignmentai\genetic.h(53): warning C4018: '<': signed/unsigned mismatch
c:\users\samue\desktop\games development\projects\ai-assignment\code\assignmentai\genetic.h(151): warning C4305: 'initializing': truncation from 'double' to 'float'
c:\users\samue\desktop\games development\projects\ai-assignment\code\assignmentai\genetic.h(152): warning C4305: 'initializing': truncation from 'double' to 'float'
  Genetic.cpp
c:\users\samue\desktop\games development\projects\ai-assignment\code\assignmentai\genetic.h(29): warning C4018: '<': signed/unsigned mismatch
c:\users\samue\desktop\games development\projects\ai-assignment\code\assignmentai\genetic.h(33): warning C4018: '<': signed/unsigned mismatch
c:\users\samue\desktop\games development\projects\ai-assignment\code\assignmentai\genetic.h(53): warning C4018: '<': signed/unsigned mismatch
c:\users\samue\desktop\games development\projects\ai-assignment\code\assignmentai\genetic.h(151): warning C4305: 'initializing': truncation from 'double' to 'float'
c:\users\samue\desktop\games development\projects\ai-assignment\code\assignmentai\genetic.h(152): warning C4305: 'initializing': truncation from 'double' to 'float'
c:\users\samue\desktop\games development\projects\ai-assignment\code\assignmentai\genetic.cpp(100): warning C4244: 'initializing': conversion from 'double' to 'float', possible loss of data
c:\users\samue\desktop\games development\projects\ai-assignment\code\assignmentai\genetic.cpp(133): warning C4244: 'initializing': conversion from 'double' to 'float', possible loss of data
c:\users\samue\desktop\games development\projects\ai-assignment\code\assignmentai\genetic.cpp(134): warning C4244: 'initializing': conversion from 'double' to 'float', possible loss of data
c:\users\samue\desktop\games development\projects\ai-assignment\code\assignmentai\genetic.cpp(180): warning C4244: 'initializing': conversion from 'double' to 'float', possible loss of data
  main.cpp
c:\users\samue\desktop\games development\projects\ai-assignment\code\assignmentai\astar.h(93): warning C4244: 'initializing': conversion from 'double' to 'float', possible loss of data
c:\users\samue\desktop\games development\projects\ai-assignment\code\assignmentai\astar.h(102): warning C4244: '=': conversion from 'double' to 'float', possible loss of data
c:\users\samue\desktop\games development\projects\ai-assignment\code\assignmentai\genetic.h(29): warning C4018: '<': signed/unsigned mismatch
c:\users\samue\desktop\games development\projects\ai-assignment\code\assignmentai\genetic.h(33): warning C4018: '<': signed/unsigned mismatch
c:\users\samue\desktop\games development\projects\ai-assignment\code\assignmentai\genetic.h(53): warning C4018: '<': signed/unsigned mismatch
c:\users\samue\desktop\games development\projects\ai-assignment\code\assignmentai\genetic.h(151): warning C4305: 'initializing': truncation from 'double' to 'float'
c:\users\samue\desktop\games development\projects\ai-assignment\code\assignmentai\genetic.h(152): warning C4305: 'initializing': truncation from 'double' to 'float'
  Generating Code...
c:\users\samue\desktop\games development\projects\ai-assignment\code\assignmentai\application.cpp(43): warning C4715: 'Application::InitialiseApplication': not all control paths return a value
  AssignmentAI.vcxproj -> C:\Users\samue\Desktop\Games Development\Projects\AI-Assignment\Code\Debug\AssignmentAI.exe
