  Application.cpp
c:\users\samue\desktop\games development\projects\ai-assignment\code\assignmentai\genetic.h(32): warning C4244: '=': conversion from 'int' to 'float', possible loss of data
c:\users\samue\desktop\games development\projects\ai-assignment\code\assignmentai\genetic.h(33): warning C4244: '=': conversion from 'int' to 'float', possible loss of data
c:\users\samue\desktop\games development\projects\ai-assignment\code\assignmentai\genetic.h(34): warning C4244: '=': conversion from 'int' to 'float', possible loss of data
c:\users\samue\desktop\games development\projects\ai-assignment\code\assignmentai\genetic.h(53): warning C4018: '<': signed/unsigned mismatch
c:\users\samue\desktop\games development\projects\ai-assignment\code\assignmentai\genetic.h(57): warning C4018: '<': signed/unsigned mismatch
c:\users\samue\desktop\games development\projects\ai-assignment\code\assignmentai\genetic.h(172): warning C4244: 'argument': conversion from 'float' to 'Uint8', possible loss of data
c:\users\samue\desktop\games development\projects\ai-assignment\code\assignmentai\genetic.h(198): warning C4305: 'initializing': truncation from 'double' to 'float'
c:\users\samue\desktop\games development\projects\ai-assignment\code\assignmentai\genetic.h(199): warning C4305: 'initializing': truncation from 'double' to 'float'
c:\users\samue\desktop\games development\projects\ai-assignment\code\assignmentai\application.cpp(17): warning C4244: 'argument': conversion from 'time_t' to 'unsigned int', possible loss of data
c:\users\samue\desktop\games development\projects\ai-assignment\code\assignmentai\application.cpp(131): warning C4018: '<': signed/unsigned mismatch
  AStar.cpp
  Genetic.cpp
c:\users\samue\desktop\games development\projects\ai-assignment\code\assignmentai\genetic.h(32): warning C4244: '=': conversion from 'int' to 'float', possible loss of data
c:\users\samue\desktop\games development\projects\ai-assignment\code\assignmentai\genetic.h(33): warning C4244: '=': conversion from 'int' to 'float', possible loss of data
c:\users\samue\desktop\games development\projects\ai-assignment\code\assignmentai\genetic.h(34): warning C4244: '=': conversion from 'int' to 'float', possible loss of data
c:\users\samue\desktop\games development\projects\ai-assignment\code\assignmentai\genetic.h(53): warning C4018: '<': signed/unsigned mismatch
c:\users\samue\desktop\games development\projects\ai-assignment\code\assignmentai\genetic.h(57): warning C4018: '<': signed/unsigned mismatch
c:\users\samue\desktop\games development\projects\ai-assignment\code\assignmentai\genetic.h(172): warning C4244: 'argument': conversion from 'float' to 'Uint8', possible loss of data
c:\users\samue\desktop\games development\projects\ai-assignment\code\assignmentai\genetic.h(198): warning C4305: 'initializing': truncation from 'double' to 'float'
c:\users\samue\desktop\games development\projects\ai-assignment\code\assignmentai\genetic.h(199): warning C4305: 'initializing': truncation from 'double' to 'float'
c:\users\samue\desktop\games development\projects\ai-assignment\code\assignmentai\genetic.cpp(93): warning C4305: '-=': truncation from 'double' to 'float'
c:\users\samue\desktop\games development\projects\ai-assignment\code\assignmentai\genetic.cpp(97): warning C4305: '-=': truncation from 'double' to 'float'
c:\users\samue\desktop\games development\projects\ai-assignment\code\assignmentai\genetic.cpp(104): warning C4305: '-=': truncation from 'double' to 'float'
c:\users\samue\desktop\games development\projects\ai-assignment\code\assignmentai\genetic.cpp(108): warning C4305: '-=': truncation from 'double' to 'float'
c:\users\samue\desktop\games development\projects\ai-assignment\code\assignmentai\genetic.cpp(113): warning C4305: '=': truncation from 'double' to 'float'
c:\users\samue\desktop\games development\projects\ai-assignment\code\assignmentai\genetic.cpp(157): warning C4244: 'initializing': conversion from 'double' to 'float', possible loss of data
c:\users\samue\desktop\games development\projects\ai-assignment\code\assignmentai\genetic.cpp(176): warning C4244: 'initializing': conversion from 'double' to 'float', possible loss of data
c:\users\samue\desktop\games development\projects\ai-assignment\code\assignmentai\genetic.cpp(222): warning C4244: 'initializing': conversion from 'double' to 'float', possible loss of data
  main.cpp
c:\users\samue\desktop\games development\projects\ai-assignment\code\assignmentai\genetic.h(32): warning C4244: '=': conversion from 'int' to 'float', possible loss of data
c:\users\samue\desktop\games development\projects\ai-assignment\code\assignmentai\genetic.h(33): warning C4244: '=': conversion from 'int' to 'float', possible loss of data
c:\users\samue\desktop\games development\projects\ai-assignment\code\assignmentai\genetic.h(34): warning C4244: '=': conversion from 'int' to 'float', possible loss of data
c:\users\samue\desktop\games development\projects\ai-assignment\code\assignmentai\genetic.h(53): warning C4018: '<': signed/unsigned mismatch
c:\users\samue\desktop\games development\projects\ai-assignment\code\assignmentai\genetic.h(57): warning C4018: '<': signed/unsigned mismatch
c:\users\samue\desktop\games development\projects\ai-assignment\code\assignmentai\genetic.h(172): warning C4244: 'argument': conversion from 'float' to 'Uint8', possible loss of data
c:\users\samue\desktop\games development\projects\ai-assignment\code\assignmentai\genetic.h(198): warning C4305: 'initializing': truncation from 'double' to 'float'
c:\users\samue\desktop\games development\projects\ai-assignment\code\assignmentai\genetic.h(199): warning C4305: 'initializing': truncation from 'double' to 'float'
  Maze.cpp
c:\users\samue\desktop\games development\projects\ai-assignment\code\assignmentai\maze.cpp(115): warning C4018: '<': signed/unsigned mismatch
  Node.cpp
c:\users\samue\desktop\games development\projects\ai-assignment\code\assignmentai\node.cpp(48): warning C4244: '=': conversion from 'int' to 'float', possible loss of data
c:\users\samue\desktop\games development\projects\ai-assignment\code\assignmentai\node.cpp(49): warning C4244: '=': conversion from 'int' to 'float', possible loss of data
  Generating code
c:\users\samue\desktop\games development\projects\ai-assignment\code\assignmentai\maze.cpp(125): warning C4715: 'Maze::FindTileAtPos': not all control paths return a value
c:\users\samue\desktop\games development\projects\ai-assignment\code\assignmentai\application.cpp(42): warning C4715: 'Application::InitialiseApplication': not all control paths return a value
  All 670 functions were compiled because no usable IPDB/IOBJ from previous compilation was found.
  Finished generating code
  AssignmentAI.vcxproj -> C:\Users\samue\Desktop\Games Development\Projects\AI-Assignment\Code\Release\AssignmentAI.exe
